[2 hours ago] 813df3c  HOR-969: Translations changed as requested. <Gustavo Adolfo Cruz Laura>
[24 hours ago] 5c6c9ff  HOR-964 <Julio Cesar Laura Avendaño>
[24 hours ago] 48f4d5b  HOR-963 <Julio Cesar Laura Avendaño>
[25 hours ago] d442d92  MT-173: The new migrate lists task can have an additional language parameter the same as the cache view regeneration task, but it's entirely optional, if not passed the en language is selected instead. <Gustavo Adolfo Cruz Laura>
[5 days ago] aa03dd6  HOR-925 Upgrade Windows> Al concluir con el upgrade en servidores windows sale un error <dheeyi>
[6 days ago] ff68281  HOR-919: Se pierde conexion con usuario Operador <mcuiza>
[6 days ago] e3aeabb  HOR-916 <Paula V. Quispe>
[6 days ago] f909e8e  HOR-898 <Paula V. Quispe>
[6 days ago] 47344d4  HOR-917 El tamaño máximo permitido para subir un file en el endpoint light/config sin Auth no es el correcto <Ronald Q>
[7 days ago] 1423485  HOR-912 <Roly Rudy Gutierrez Pinto>
[7 days ago] 03f45c8  HOR-914 Cuando se salta la ventana de ruteo los correos no son enviados correctamente <dheeyi>
[7 days ago] 915b108  HOR-905: Participated folder doesn't sort by current user <mcuiza>
[7 days ago] a4a9374  HOR-900 Error en stack 210 al exportar un proceso con templates e importarlo de nuevo <dheeyi>
[11 days ago] 362aad3  HOR-903 <Roly Rudy Gutierrez Pinto>
[11 days ago] 88b1df4  HOR-898 <Paula V. Quispe>
[11 days ago] 54d3628  OM-641: Nex step button no funciona correctamente <alex_santos>
[11 days ago] 3e36d36  HOR-896 (Change log) Controles mobile una vez editado ya no se muestran en el listado de cambios <Ronald Q>
[11 days ago] edd78ae  HOR-894 Crear 2 end points para grabar y recuperar las variables sin timezone <Ronald Q>
[12 days ago] 94bec50  HOR-886 Se precisa informacion del nombre de time zone <Ronald Q>
[12 days ago] 53c7c93  HOR-885 <Roly Rudy Gutierrez Pinto>
[13 days ago] 3f20d53  HOR-877: Very High: OS Command Injection Package.php <mcuiza>
[13 days ago] 6067d0f  HOR-874 Problema con los valores datetime con timezone entre mobile y web <Ronald Q>
[13 days ago] 19a5cb8  HOR-881-A "Añr cóo defensivo para..." SOLVED <root>
[13 days ago] 2687fe6  HOR-844 <Paula V. Quispe>
[13 days ago] 2ceedc9  HOR-878 <Paula V. Quispe>
[13 days ago] 2c2bfb7  OM-619:[grid-web-FIREFOX ] Cuando la grilla no tiene filas, se queda con el loading y no continua con el proceso <richardnoel>
[13 days ago] 8030ad8  HOR-835 Medium: Directory Traversal <dheeyi>
[13 days ago] 63d7cc3  HOR-846 <Roly Rudy Gutierrez Pinto>
[2 weeks ago] 1fb2426  HOR-850 "Admin -> Users -> Edit User -> Replaced By..." SOLVED <Victor Saisa Lopez>
[2 weeks ago] 4abc987  HOR-871 <Paula V. Quispe>
